# JRE version: OpenJDK Runtime Environment (8.0_152-b02) (build 1.8.0_152-release-1024-b02)
# Java VM: OpenJDK 64-Bit Server VM (25.152-b02 mixed mode windows-amd64 compressed oops)
Heap:
 PSYoungGen      total 133632K, used 56971K [0x00000000d5580000, 0x00000000e0700000, 0x0000000100000000)
  eden space 119296K, 47% used [0x00000000d5580000,0x00000000d8d22e50,0x00000000dca00000)
  from space 14336K, 0% used [0x00000000dca00000,0x00000000dca00000,0x00000000dd800000)
  to   space 16384K, 0% used [0x00000000df700000,0x00000000df700000,0x00000000e0700000)
 ParOldGen       total 194048K, used 51471K [0x0000000080000000, 0x000000008bd80000, 0x00000000d5580000)
  object space 194048K, 26% used [0x0000000080000000,0x0000000083243c98,0x000000008bd80000)
 Metaspace       used 60330K, capacity 62600K, committed 62680K, reserved 1103872K
  class space    used 8300K, capacity 8880K, committed 8920K, reserved 1048576K
GC Heap History (10 events):
Event: 16.195 GC heap before
{Heap before GC invocations=10 (full 2):
 PSYoungGen      total 101376K, used 96800K [0x00000000d5580000, 0x00000000de680000, 0x0000000100000000)
  eden space 87552K, 100% used [0x00000000d5580000,0x00000000dab00000,0x00000000dab00000)
  from space 13824K, 66% used [0x00000000dab00000,0x00000000db4083c8,0x00000000db880000)
  to   space 13312K, 0% used [0x00000000dd980000,0x00000000dd980000,0x00000000de680000)
 ParOldGen       total 194048K, used 19884K [0x0000000080000000, 0x000000008bd80000, 0x00000000d5580000)
  object space 194048K, 10% used [0x0000000080000000,0x000000008136b080,0x000000008bd80000)
 Metaspace       used 42851K, capacity 44104K, committed 44248K, reserved 1087488K
  class space    used 5890K, capacity 6256K, committed 6360K, reserved 1048576K
Event: 16.201 GC heap after
Heap after GC invocations=10 (full 2):
 PSYoungGen      total 132096K, used 12233K [0x00000000d5580000, 0x00000000de600000, 0x0000000100000000)
  eden space 119296K, 0% used [0x00000000d5580000,0x00000000d5580000,0x00000000dca00000)
  from space 12800K, 95% used [0x00000000dd980000,0x00000000de5724e8,0x00000000de600000)
  to   space 14336K, 0% used [0x00000000dca00000,0x00000000dca00000,0x00000000dd800000)
 ParOldGen       total 194048K, used 19892K [0x0000000080000000, 0x000000008bd80000, 0x00000000d5580000)
  object space 194048K, 10% used [0x0000000080000000,0x000000008136d080,0x000000008bd80000)
 Metaspace       used 42851K, capacity 44104K, committed 44248K, reserved 1087488K
  class space    used 5890K, capacity 6256K, committed 6360K, reserved 1048576K
}
Event: 17.718 GC heap before
{Heap before GC invocations=11 (full 2):
 PSYoungGen      total 132096K, used 131529K [0x00000000d5580000, 0x00000000de600000, 0x0000000100000000)
  eden space 119296K, 100% used [0x00000000d5580000,0x00000000dca00000,0x00000000dca00000)
  from space 12800K, 95% used [0x00000000dd980000,0x00000000de5724e8,0x00000000de600000)
  to   space 14336K, 0% used [0x00000000dca00000,0x00000000dca00000,0x00000000dd800000)
 ParOldGen       total 194048K, used 19892K [0x0000000080000000, 0x000000008bd80000, 0x00000000d5580000)
  object space 194048K, 10% used [0x0000000080000000,0x000000008136d080,0x000000008bd80000)
 Metaspace       used 49449K, capacity 50984K, committed 51288K, reserved 1093632K
  class space    used 6724K, capacity 7186K, committed 7256K, reserved 1048576K
Event: 17.734 GC heap after
Heap after GC invocations=11 (full 2):
 PSYoungGen      total 133632K, used 14335K [0x00000000d5580000, 0x00000000e0700000, 0x0000000100000000)
  eden space 119296K, 0% used [0x00000000d5580000,0x00000000d5580000,0x00000000dca00000)
  from space 14336K, 99% used [0x00000000dca00000,0x00000000dd7fff28,0x00000000dd800000)
  to   space 16384K, 0% used [0x00000000df700000,0x00000000df700000,0x00000000e0700000)
 ParOldGen       total 194048K, used 21522K [0x0000000080000000, 0x000000008bd80000, 0x00000000d5580000)
  object space 194048K, 11% used [0x0000000080000000,0x0000000081504b88,0x000000008bd80000)
 Metaspace       used 49449K, capacity 50984K, committed 51288K, reserved 1093632K
  class space    used 6724K, capacity 7186K, committed 7256K, reserved 1048576K
}
Event: 19.353 GC heap before
{Heap before GC invocations=12 (full 2):
 PSYoungGen      total 133632K, used 133631K [0x00000000d5580000, 0x00000000e0700000, 0x0000000100000000)
  eden space 119296K, 100% used [0x00000000d5580000,0x00000000dca00000,0x00000000dca00000)
  from space 14336K, 99% used [0x00000000dca00000,0x00000000dd7fff28,0x00000000dd800000)
  to   space 16384K, 0% used [0x00000000df700000,0x00000000df700000,0x00000000e0700000)
 ParOldGen       total 194048K, used 21522K [0x0000000080000000, 0x000000008bd80000, 0x00000000d5580000)
  object space 194048K, 11% used [0x0000000080000000,0x0000000081504b88,0x000000008bd80000)
 Metaspace       used 54919K, capacity 56842K, committed 57048K, reserved 1097728K
  class space    used 7626K, capacity 8098K, committed 8152K, reserved 1048576K
Event: 19.376 GC heap after
Heap after GC invocations=12 (full 2):
 PSYoungGen      total 135680K, used 16368K [0x00000000d5580000, 0x00000000e0700000, 0x0000000100000000)
  eden space 119296K, 0% used [0x00000000d5580000,0x00000000d5580000,0x00000000dca00000)
  from space 16384K, 99% used [0x00000000df700000,0x00000000e06fc240,0x00000000e0700000)
  to   space 14336K, 0% used [0x00000000dca00000,0x00000000dca00000,0x00000000dd800000)
 ParOldGen       total 194048K, used 30537K [0x0000000080000000, 0x000000008bd80000, 0x00000000d5580000)
  object space 194048K, 15% used [0x0000000080000000,0x0000000081dd2610,0x000000008bd80000)
 Metaspace       used 54919K, capacity 56842K, committed 57048K, reserved 1097728K
  class space    used 7626K, capacity 8098K, committed 8152K, reserved 1048576K
}
Event: 20.110 GC heap before
{Heap before GC invocations=13 (full 2):
 PSYoungGen      total 135680K, used 112843K [0x00000000d5580000, 0x00000000e0700000, 0x0000000100000000)
  eden space 119296K, 80% used [0x00000000d5580000,0x00000000db3b6a30,0x00000000dca00000)
  from space 16384K, 99% used [0x00000000df700000,0x00000000e06fc240,0x00000000e0700000)
  to   space 14336K, 0% used [0x00000000dca00000,0x00000000dca00000,0x00000000dd800000)
 ParOldGen       total 194048K, used 30537K [0x0000000080000000, 0x000000008bd80000, 0x00000000d5580000)
  object space 194048K, 15% used [0x0000000080000000,0x0000000081dd2610,0x000000008bd80000)
 Metaspace       used 56718K, capacity 58882K, committed 58968K, reserved 1099776K
  class space    used 7884K, capacity 8456K, committed 8536K, reserved 1048576K
Event: 20.127 GC heap after
Heap after GC invocations=13 (full 2):
 PSYoungGen      total 133632K, used 14304K [0x00000000d5580000, 0x00000000e0700000, 0x0000000100000000)
  eden space 119296K, 0% used [0x00000000d5580000,0x00000000d5580000,0x00000000dca00000)
  from space 14336K, 99% used [0x00000000dca00000,0x00000000dd7f8240,0x00000000dd800000)
  to   space 16384K, 0% used [0x00000000df700000,0x00000000df700000,0x00000000e0700000)
 ParOldGen       total 194048K, used 44584K [0x0000000080000000, 0x000000008bd80000, 0x00000000d5580000)
  object space 194048K, 22% used [0x0000000080000000,0x0000000082b8a178,0x000000008bd80000)
 Metaspace       used 56718K, capacity 58882K, committed 58968K, reserved 1099776K
  class space    used 7884K, capacity 8456K, committed 8536K, reserved 1048576K
}
Event: 20.127 GC heap before
{Heap before GC invocations=14 (full 3):
 PSYoungGen      total 133632K, used 14304K [0x00000000d5580000, 0x00000000e0700000, 0x0000000100000000)
  eden space 119296K, 0% used [0x00000000d5580000,0x00000000d5580000,0x00000000dca00000)
  from space 14336K, 99% used [0x00000000dca00000,0x00000000dd7f8240,0x00000000dd800000)
  to   space 16384K, 0% used [0x00000000df700000,0x00000000df700000,0x00000000e0700000)
 ParOldGen       total 194048K, used 44584K [0x0000000080000000, 0x000000008bd80000, 0x00000000d5580000)
  object space 194048K, 22% used [0x0000000080000000,0x0000000082b8a178,0x000000008bd80000)
 Metaspace       used 56718K, capacity 58882K, committed 58968K, reserved 1099776K
  class space    used 7884K, capacity 8456K, committed 8536K, reserved 1048576K
Event: 20.406 GC heap after
Heap after GC invocations=14 (full 3):
 PSYoungGen      total 133632K, used 0K [0x00000000d5580000, 0x00000000e0700000, 0x0000000100000000)
  eden space 119296K, 0% used [0x00000000d5580000,0x00000000d5580000,0x00000000dca00000)
  from space 14336K, 0% used [0x00000000dca00000,0x00000000dca00000,0x00000000dd800000)
  to   space 16384K, 0% used [0x00000000df700000,0x00000000df700000,0x00000000e0700000)
 ParOldGen       total 194048K, used 51471K [0x0000000080000000, 0x000000008bd80000, 0x00000000d5580000)
  object space 194048K, 26% used [0x0000000080000000,0x0000000083243c98,0x000000008bd80000)
 Metaspace       used 56718K, capacity 58882K, committed 58968K, reserved 1099776K
  class space    used 7884K, capacity 8456K, committed 8536K, reserved 1048576K
}

