# JRE version: OpenJDK Runtime Environment (8.0_152-b02) (build 1.8.0_152-release-1024-b02)
# Java VM: OpenJDK 64-Bit Server VM (25.152-b02 mixed mode windows-amd64 compressed oops)
Heap:
 PSYoungGen      total 323584K, used 256709K [0x00000000d5580000, 0x00000000eaf80000, 0x0000000100000000)
  eden space 299008K, 85% used [0x00000000d5580000,0x00000000e50315a8,0x00000000e7980000)
  from space 24576K, 0% used [0x00000000e9780000,0x00000000e9780000,0x00000000eaf80000)
  to   space 27648K, 0% used [0x00000000e7980000,0x00000000e7980000,0x00000000e9480000)
 ParOldGen       total 240640K, used 52835K [0x0000000080000000, 0x000000008eb00000, 0x00000000d5580000)
  object space 240640K, 21% used [0x0000000080000000,0x0000000083398df8,0x000000008eb00000)
 Metaspace       used 64848K, capacity 67786K, committed 67840K, reserved 1107968K
  class space    used 8780K, capacity 9430K, committed 9472K, reserved 1048576K
GC Heap History (10 events):
Event: 8.070 GC heap before
{Heap before GC invocations=9 (full 2):
 PSYoungGen      total 170496K, used 156160K [0x00000000d5580000, 0x00000000e4800000, 0x0000000100000000)
  eden space 156160K, 100% used [0x00000000d5580000,0x00000000dee00000,0x00000000dee00000)
  from space 14336K, 0% used [0x00000000dfc00000,0x00000000dfc00000,0x00000000e0a00000)
  to   space 14336K, 0% used [0x00000000dee00000,0x00000000dee00000,0x00000000dfc00000)
 ParOldGen       total 150016K, used 17358K [0x0000000080000000, 0x0000000089280000, 0x00000000d5580000)
  object space 150016K, 11% used [0x0000000080000000,0x00000000810f3ae8,0x0000000089280000)
 Metaspace       used 42038K, capacity 43072K, committed 43264K, reserved 1087488K
  class space    used 5745K, capacity 6083K, committed 6144K, reserved 1048576K
Event: 8.085 GC heap after
Heap after GC invocations=9 (full 2):
 PSYoungGen      total 170496K, used 14317K [0x00000000d5580000, 0x00000000e6300000, 0x0000000100000000)
  eden space 156160K, 0% used [0x00000000d5580000,0x00000000d5580000,0x00000000dee00000)
  from space 14336K, 99% used [0x00000000dee00000,0x00000000dfbfb448,0x00000000dfc00000)
  to   space 16384K, 0% used [0x00000000e5300000,0x00000000e5300000,0x00000000e6300000)
 ParOldGen       total 150016K, used 18283K [0x0000000080000000, 0x0000000089280000, 0x00000000d5580000)
  object space 150016K, 12% used [0x0000000080000000,0x00000000811dac88,0x0000000089280000)
 Metaspace       used 42038K, capacity 43072K, committed 43264K, reserved 1087488K
  class space    used 5745K, capacity 6083K, committed 6144K, reserved 1048576K
}
Event: 10.631 GC heap before
{Heap before GC invocations=10 (full 2):
 PSYoungGen      total 170496K, used 170477K [0x00000000d5580000, 0x00000000e6300000, 0x0000000100000000)
  eden space 156160K, 100% used [0x00000000d5580000,0x00000000dee00000,0x00000000dee00000)
  from space 14336K, 99% used [0x00000000dee00000,0x00000000dfbfb448,0x00000000dfc00000)
  to   space 16384K, 0% used [0x00000000e5300000,0x00000000e5300000,0x00000000e6300000)
 ParOldGen       total 150016K, used 18283K [0x0000000080000000, 0x0000000089280000, 0x00000000d5580000)
  object space 150016K, 12% used [0x0000000080000000,0x00000000811dac88,0x0000000089280000)
 Metaspace       used 50860K, capacity 52500K, committed 52736K, reserved 1095680K
  class space    used 6944K, capacity 7349K, committed 7424K, reserved 1048576K
Event: 10.647 GC heap after
Heap after GC invocations=10 (full 2):
 PSYoungGen      total 251904K, used 16358K [0x00000000d5580000, 0x00000000e6300000, 0x0000000100000000)
  eden space 235520K, 0% used [0x00000000d5580000,0x00000000d5580000,0x00000000e3b80000)
  from space 16384K, 99% used [0x00000000e5300000,0x00000000e62f9830,0x00000000e6300000)
  to   space 19456K, 0% used [0x00000000e3d00000,0x00000000e3d00000,0x00000000e5000000)
 ParOldGen       total 150016K, used 21090K [0x0000000080000000, 0x0000000089280000, 0x00000000d5580000)
  object space 150016K, 14% used [0x0000000080000000,0x0000000081498b50,0x0000000089280000)
 Metaspace       used 50860K, capacity 52500K, committed 52736K, reserved 1095680K
  class space    used 6944K, capacity 7349K, committed 7424K, reserved 1048576K
}
Event: 13.456 GC heap before
{Heap before GC invocations=11 (full 2):
 PSYoungGen      total 251904K, used 251878K [0x00000000d5580000, 0x00000000e6300000, 0x0000000100000000)
  eden space 235520K, 100% used [0x00000000d5580000,0x00000000e3b80000,0x00000000e3b80000)
  from space 16384K, 99% used [0x00000000e5300000,0x00000000e62f9830,0x00000000e6300000)
  to   space 19456K, 0% used [0x00000000e3d00000,0x00000000e3d00000,0x00000000e5000000)
 ParOldGen       total 150016K, used 21090K [0x0000000080000000, 0x0000000089280000, 0x00000000d5580000)
  object space 150016K, 14% used [0x0000000080000000,0x0000000081498b50,0x0000000089280000)
 Metaspace       used 55629K, capacity 57476K, committed 57728K, reserved 1099776K
  class space    used 7571K, capacity 8039K, committed 8064K, reserved 1048576K
Event: 13.481 GC heap after
Heap after GC invocations=11 (full 2):
 PSYoungGen      total 256512K, used 19440K [0x00000000d5580000, 0x00000000eb200000, 0x0000000100000000)
  eden space 237056K, 0% used [0x00000000d5580000,0x00000000d5580000,0x00000000e3d00000)
  from space 19456K, 99% used [0x00000000e3d00000,0x00000000e4ffc240,0x00000000e5000000)
  to   space 27136K, 0% used [0x00000000e9780000,0x00000000e9780000,0x00000000eb200000)
 ParOldGen       total 150016K, used 34575K [0x0000000080000000, 0x0000000089280000, 0x00000000d5580000)
  object space 150016K, 23% used [0x0000000080000000,0x00000000821c3c08,0x0000000089280000)
 Metaspace       used 55629K, capacity 57476K, committed 57728K, reserved 1099776K
  class space    used 7571K, capacity 8039K, committed 8064K, reserved 1048576K
}
Event: 16.828 GC heap before
{Heap before GC invocations=12 (full 2):
 PSYoungGen      total 256512K, used 180195K [0x00000000d5580000, 0x00000000eb200000, 0x0000000100000000)
  eden space 237056K, 67% used [0x00000000d5580000,0x00000000df27cc98,0x00000000e3d00000)
  from space 19456K, 99% used [0x00000000e3d00000,0x00000000e4ffc240,0x00000000e5000000)
  to   space 27136K, 0% used [0x00000000e9780000,0x00000000e9780000,0x00000000eb200000)
 ParOldGen       total 150016K, used 34575K [0x0000000080000000, 0x0000000089280000, 0x00000000d5580000)
  object space 150016K, 23% used [0x0000000080000000,0x00000000821c3c08,0x0000000089280000)
 Metaspace       used 56834K, capacity 58928K, committed 59008K, reserved 1099776K
  class space    used 7735K, capacity 8255K, committed 8320K, reserved 1048576K
Event: 16.848 GC heap after
Heap after GC invocations=12 (full 2):
 PSYoungGen      total 323584K, used 19706K [0x00000000d5580000, 0x00000000eaf80000, 0x0000000100000000)
  eden space 299008K, 0% used [0x00000000d5580000,0x00000000d5580000,0x00000000e7980000)
  from space 24576K, 80% used [0x00000000e9780000,0x00000000eaabebb8,0x00000000eaf80000)
  to   space 27648K, 0% used [0x00000000e7980000,0x00000000e7980000,0x00000000e9480000)
 ParOldGen       total 150016K, used 42330K [0x0000000080000000, 0x0000000089280000, 0x00000000d5580000)
  object space 150016K, 28% used [0x0000000080000000,0x00000000829569e0,0x0000000089280000)
 Metaspace       used 56834K, capacity 58928K, committed 59008K, reserved 1099776K
  class space    used 7735K, capacity 8255K, committed 8320K, reserved 1048576K
}
Event: 16.848 GC heap before
{Heap before GC invocations=13 (full 3):
 PSYoungGen      total 323584K, used 19706K [0x00000000d5580000, 0x00000000eaf80000, 0x0000000100000000)
  eden space 299008K, 0% used [0x00000000d5580000,0x00000000d5580000,0x00000000e7980000)
  from space 24576K, 80% used [0x00000000e9780000,0x00000000eaabebb8,0x00000000eaf80000)
  to   space 27648K, 0% used [0x00000000e7980000,0x00000000e7980000,0x00000000e9480000)
 ParOldGen       total 150016K, used 42330K [0x0000000080000000, 0x0000000089280000, 0x00000000d5580000)
  object space 150016K, 28% used [0x0000000080000000,0x00000000829569e0,0x0000000089280000)
 Metaspace       used 56834K, capacity 58928K, committed 59008K, reserved 1099776K
  class space    used 7735K, capacity 8255K, committed 8320K, reserved 1048576K
Event: 17.165 GC heap after
Heap after GC invocations=13 (full 3):
 PSYoungGen      total 323584K, used 0K [0x00000000d5580000, 0x00000000eaf80000, 0x0000000100000000)
  eden space 299008K, 0% used [0x00000000d5580000,0x00000000d5580000,0x00000000e7980000)
  from space 24576K, 0% used [0x00000000e9780000,0x00000000e9780000,0x00000000eaf80000)
  to   space 27648K, 0% used [0x00000000e7980000,0x00000000e7980000,0x00000000e9480000)
 ParOldGen       total 240640K, used 52835K [0x0000000080000000, 0x000000008eb00000, 0x00000000d5580000)
  object space 240640K, 21% used [0x0000000080000000,0x0000000083398df8,0x000000008eb00000)
 Metaspace       used 56758K, capacity 58740K, committed 59008K, reserved 1099776K
  class space    used 7706K, capacity 8205K, committed 8320K, reserved 1048576K
}

