# JRE version: OpenJDK Runtime Environment (8.0_152-b02) (build 1.8.0_152-release-1024-b02)
# Java VM: OpenJDK 64-Bit Server VM (25.152-b02 mixed mode windows-amd64 compressed oops)
Heap:
 PSYoungGen      total 404480K, used 114561K [0x00000000d5580000, 0x00000000f1880000, 0x0000000100000000)
  eden space 388608K, 29% used [0x00000000d5580000,0x00000000dc5604c0,0x00000000ed100000)
  from space 15872K, 0% used [0x00000000f0900000,0x00000000f0900000,0x00000000f1880000)
  to   space 24576K, 0% used [0x00000000ee880000,0x00000000ee880000,0x00000000f0080000)
 ParOldGen       total 209408K, used 89684K [0x0000000080000000, 0x000000008cc80000, 0x00000000d5580000)
  object space 209408K, 42% used [0x0000000080000000,0x0000000085795180,0x000000008cc80000)
 Metaspace       used 74140K, capacity 76968K, committed 77312K, reserved 1116160K
  class space    used 9751K, capacity 10386K, committed 10496K, reserved 1048576K
GC Heap History (10 events):
Event: 18.604 GC heap before
{Heap before GC invocations=12 (full 3):
 PSYoungGen      total 313344K, used 19967K [0x00000000d5580000, 0x00000000f2180000, 0x0000000100000000)
  eden space 293376K, 0% used [0x00000000d5580000,0x00000000d5580000,0x00000000e7400000)
  from space 19968K, 99% used [0x00000000e7400000,0x00000000e877fe10,0x00000000e8780000)
  to   space 25088K, 0% used [0x00000000f0900000,0x00000000f0900000,0x00000000f2180000)
 ParOldGen       total 122880K, used 28039K [0x0000000080000000, 0x0000000087800000, 0x00000000d5580000)
  object space 122880K, 22% used [0x0000000080000000,0x0000000081b61da0,0x0000000087800000)
 Metaspace       used 56951K, capacity 58922K, committed 59008K, reserved 1099776K
  class space    used 7806K, capacity 8304K, committed 8320K, reserved 1048576K
Event: 18.868 GC heap after
Heap after GC invocations=12 (full 3):
 PSYoungGen      total 313344K, used 0K [0x00000000d5580000, 0x00000000f2180000, 0x0000000100000000)
  eden space 293376K, 0% used [0x00000000d5580000,0x00000000d5580000,0x00000000e7400000)
  from space 19968K, 0% used [0x00000000e7400000,0x00000000e7400000,0x00000000e8780000)
  to   space 25088K, 0% used [0x00000000f0900000,0x00000000f0900000,0x00000000f2180000)
 ParOldGen       total 174592K, used 41339K [0x0000000080000000, 0x000000008aa80000, 0x00000000d5580000)
  object space 174592K, 23% used [0x0000000080000000,0x000000008285ef30,0x000000008aa80000)
 Metaspace       used 56951K, capacity 58922K, committed 59008K, reserved 1099776K
  class space    used 7806K, capacity 8304K, committed 8320K, reserved 1048576K
}
Event: 52.031 GC heap before
{Heap before GC invocations=13 (full 3):
 PSYoungGen      total 313344K, used 293376K [0x00000000d5580000, 0x00000000f2180000, 0x0000000100000000)
  eden space 293376K, 100% used [0x00000000d5580000,0x00000000e7400000,0x00000000e7400000)
  from space 19968K, 0% used [0x00000000e7400000,0x00000000e7400000,0x00000000e8780000)
  to   space 25088K, 0% used [0x00000000f0900000,0x00000000f0900000,0x00000000f2180000)
 ParOldGen       total 174592K, used 41339K [0x0000000080000000, 0x000000008aa80000, 0x00000000d5580000)
  object space 174592K, 23% used [0x0000000080000000,0x000000008285ef30,0x000000008aa80000)
 Metaspace       used 59745K, capacity 61816K, committed 62080K, reserved 1103872K
  class space    used 8046K, capacity 8528K, committed 8576K, reserved 1048576K
Event: 52.051 GC heap after
Heap after GC invocations=13 (full 3):
 PSYoungGen      total 404480K, used 15745K [0x00000000d5580000, 0x00000000f1880000, 0x0000000100000000)
  eden space 388608K, 0% used [0x00000000d5580000,0x00000000d5580000,0x00000000ed100000)
  from space 15872K, 99% used [0x00000000f0900000,0x00000000f1860468,0x00000000f1880000)
  to   space 24576K, 0% used [0x00000000ee880000,0x00000000ee880000,0x00000000f0080000)
 ParOldGen       total 174592K, used 41347K [0x0000000080000000, 0x000000008aa80000, 0x00000000d5580000)
  object space 174592K, 23% used [0x0000000080000000,0x0000000082860f30,0x000000008aa80000)
 Metaspace       used 59745K, capacity 61816K, committed 62080K, reserved 1103872K
  class space    used 8046K, capacity 8528K, committed 8576K, reserved 1048576K
}
Event: 60.869 GC heap before
{Heap before GC invocations=14 (full 3):
 PSYoungGen      total 404480K, used 404353K [0x00000000d5580000, 0x00000000f1880000, 0x0000000100000000)
  eden space 388608K, 100% used [0x00000000d5580000,0x00000000ed100000,0x00000000ed100000)
  from space 15872K, 99% used [0x00000000f0900000,0x00000000f1860468,0x00000000f1880000)
  to   space 24576K, 0% used [0x00000000ee880000,0x00000000ee880000,0x00000000f0080000)
 ParOldGen       total 174592K, used 41347K [0x0000000080000000, 0x000000008aa80000, 0x00000000d5580000)
  object space 174592K, 23% used [0x0000000080000000,0x0000000082860f30,0x000000008aa80000)
 Metaspace       used 65647K, capacity 67688K, committed 67968K, reserved 1107968K
  class space    used 8707K, capacity 9272K, committed 9344K, reserved 1048576K
Event: 60.986 GC heap after
Heap after GC invocations=14 (full 3):
 PSYoungGen      total 413184K, used 24574K [0x00000000d5580000, 0x00000000f1880000, 0x0000000100000000)
  eden space 388608K, 0% used [0x00000000d5580000,0x00000000d5580000,0x00000000ed100000)
  from space 24576K, 99% used [0x00000000ee880000,0x00000000f007fbe8,0x00000000f0080000)
  to   space 15872K, 0% used [0x00000000f0900000,0x00000000f0900000,0x00000000f1880000)
 ParOldGen       total 174592K, used 132212K [0x0000000080000000, 0x000000008aa80000, 0x00000000d5580000)
  object space 174592K, 75% used [0x0000000080000000,0x000000008811d2c8,0x000000008aa80000)
 Metaspace       used 65647K, capacity 67688K, committed 67968K, reserved 1107968K
  class space    used 8707K, capacity 9272K, committed 9344K, reserved 1048576K
}
Event: 73.614 GC heap before
{Heap before GC invocations=15 (full 3):
 PSYoungGen      total 413184K, used 413182K [0x00000000d5580000, 0x00000000f1880000, 0x0000000100000000)
  eden space 388608K, 100% used [0x00000000d5580000,0x00000000ed100000,0x00000000ed100000)
  from space 24576K, 99% used [0x00000000ee880000,0x00000000f007fbe8,0x00000000f0080000)
  to   space 15872K, 0% used [0x00000000f0900000,0x00000000f0900000,0x00000000f1880000)
 ParOldGen       total 174592K, used 132212K [0x0000000080000000, 0x000000008aa80000, 0x00000000d5580000)
  object space 174592K, 75% used [0x0000000080000000,0x000000008811d2c8,0x000000008aa80000)
 Metaspace       used 67837K, capacity 69954K, committed 70144K, reserved 1110016K
  class space    used 8853K, capacity 9379K, committed 9472K, reserved 1048576K
Event: 73.767 GC heap after
Heap after GC invocations=15 (full 3):
 PSYoungGen      total 404480K, used 15871K [0x00000000d5580000, 0x00000000f1880000, 0x0000000100000000)
  eden space 388608K, 0% used [0x00000000d5580000,0x00000000d5580000,0x00000000ed100000)
  from space 15872K, 99% used [0x00000000f0900000,0x00000000f187ff98,0x00000000f1880000)
  to   space 24576K, 0% used [0x00000000ee880000,0x00000000ee880000,0x00000000f0080000)
 ParOldGen       total 209408K, used 209091K [0x0000000080000000, 0x000000008cc80000, 0x00000000d5580000)
  object space 209408K, 99% used [0x0000000080000000,0x000000008cc30fd8,0x000000008cc80000)
 Metaspace       used 67837K, capacity 69954K, committed 70144K, reserved 1110016K
  class space    used 8853K, capacity 9379K, committed 9472K, reserved 1048576K
}
Event: 73.767 GC heap before
{Heap before GC invocations=16 (full 4):
 PSYoungGen      total 404480K, used 15871K [0x00000000d5580000, 0x00000000f1880000, 0x0000000100000000)
  eden space 388608K, 0% used [0x00000000d5580000,0x00000000d5580000,0x00000000ed100000)
  from space 15872K, 99% used [0x00000000f0900000,0x00000000f187ff98,0x00000000f1880000)
  to   space 24576K, 0% used [0x00000000ee880000,0x00000000ee880000,0x00000000f0080000)
 ParOldGen       total 209408K, used 209091K [0x0000000080000000, 0x000000008cc80000, 0x00000000d5580000)
  object space 209408K, 99% used [0x0000000080000000,0x000000008cc30fd8,0x000000008cc80000)
 Metaspace       used 67837K, capacity 69954K, committed 70144K, reserved 1110016K
  class space    used 8853K, capacity 9379K, committed 9472K, reserved 1048576K
Event: 73.966 GC heap after
Heap after GC invocations=16 (full 4):
 PSYoungGen      total 404480K, used 0K [0x00000000d5580000, 0x00000000f1880000, 0x0000000100000000)
  eden space 388608K, 0% used [0x00000000d5580000,0x00000000d5580000,0x00000000ed100000)
  from space 15872K, 0% used [0x00000000f0900000,0x00000000f0900000,0x00000000f1880000)
  to   space 24576K, 0% used [0x00000000ee880000,0x00000000ee880000,0x00000000f0080000)
 ParOldGen       total 209408K, used 89684K [0x0000000080000000, 0x000000008cc80000, 0x00000000d5580000)
  object space 209408K, 42% used [0x0000000080000000,0x0000000085795180,0x000000008cc80000)
 Metaspace       used 67096K, capacity 69138K, committed 70144K, reserved 1110016K
  class space    used 8779K, capacity 9275K, committed 9472K, reserved 1048576K
}

