# JRE version: OpenJDK Runtime Environment (8.0_152-b02) (build 1.8.0_152-release-1024-b02)
# Java VM: OpenJDK 64-Bit Server VM (25.152-b02 mixed mode windows-amd64 compressed oops)
Heap:
 PSYoungGen      total 290816K, used 42635K [0x00000000eab00000, 0x00000000ffb00000, 0x0000000100000000)
  eden space 239104K, 12% used [0x00000000eab00000,0x00000000ec71e960,0x00000000f9480000)
  from space 51712K, 26% used [0x00000000f9480000,0x00000000fa204448,0x00000000fc700000)
  to   space 52736K, 0% used [0x00000000fc700000,0x00000000fc700000,0x00000000ffa80000)
 ParOldGen       total 361984K, used 176050K [0x00000000c0000000, 0x00000000d6180000, 0x00000000eab00000)
  object space 361984K, 48% used [0x00000000c0000000,0x00000000cabecba0,0x00000000d6180000)
 Metaspace       used 101517K, capacity 109770K, committed 109952K, reserved 1144832K
  class space    used 12525K, capacity 14382K, committed 14464K, reserved 1048576K
GC Heap History (10 events):
Event: 6866.596 GC heap after
Heap after GC invocations=82 (full 4):
 PSYoungGen      total 258048K, used 31541K [0x00000000eab00000, 0x00000000fe000000, 0x0000000100000000)
  eden space 200704K, 0% used [0x00000000eab00000,0x00000000eab00000,0x00000000f6f00000)
  from space 57344K, 55% used [0x00000000fa800000,0x00000000fc6cd530,0x00000000fe000000)
  to   space 57856K, 0% used [0x00000000f6f00000,0x00000000f6f00000,0x00000000fa780000)
 ParOldGen       total 361984K, used 154859K [0x00000000c0000000, 0x00000000d6180000, 0x00000000eab00000)
  object space 361984K, 42% used [0x00000000c0000000,0x00000000c973afd8,0x00000000d6180000)
 Metaspace       used 101344K, capacity 109612K, committed 109696K, reserved 1144832K
  class space    used 12523K, capacity 14381K, committed 14464K, reserved 1048576K
}
Event: 6866.889 GC heap before
{Heap before GC invocations=83 (full 4):
 PSYoungGen      total 258048K, used 232245K [0x00000000eab00000, 0x00000000fe000000, 0x0000000100000000)
  eden space 200704K, 100% used [0x00000000eab00000,0x00000000f6f00000,0x00000000f6f00000)
  from space 57344K, 55% used [0x00000000fa800000,0x00000000fc6cd530,0x00000000fe000000)
  to   space 57856K, 0% used [0x00000000f6f00000,0x00000000f6f00000,0x00000000fa780000)
 ParOldGen       total 361984K, used 154859K [0x00000000c0000000, 0x00000000d6180000, 0x00000000eab00000)
  object space 361984K, 42% used [0x00000000c0000000,0x00000000c973afd8,0x00000000d6180000)
 Metaspace       used 101432K, capacity 109688K, committed 109952K, reserved 1144832K
  class space    used 12524K, capacity 14381K, committed 14464K, reserved 1048576K
Event: 6866.910 GC heap after
Heap after GC invocations=83 (full 4):
 PSYoungGen      total 258560K, used 30551K [0x00000000eab00000, 0x00000000fe000000, 0x0000000100000000)
  eden space 200704K, 0% used [0x00000000eab00000,0x00000000eab00000,0x00000000f6f00000)
  from space 57856K, 52% used [0x00000000f6f00000,0x00000000f8cd5e30,0x00000000fa780000)
  to   space 57344K, 0% used [0x00000000fa800000,0x00000000fa800000,0x00000000fe000000)
 ParOldGen       total 361984K, used 155163K [0x00000000c0000000, 0x00000000d6180000, 0x00000000eab00000)
  object space 361984K, 42% used [0x00000000c0000000,0x00000000c9786ff8,0x00000000d6180000)
 Metaspace       used 101432K, capacity 109688K, committed 109952K, reserved 1144832K
  class space    used 12524K, capacity 14381K, committed 14464K, reserved 1048576K
}
Event: 6867.219 GC heap before
{Heap before GC invocations=84 (full 4):
 PSYoungGen      total 258560K, used 231255K [0x00000000eab00000, 0x00000000fe000000, 0x0000000100000000)
  eden space 200704K, 100% used [0x00000000eab00000,0x00000000f6f00000,0x00000000f6f00000)
  from space 57856K, 52% used [0x00000000f6f00000,0x00000000f8cd5e30,0x00000000fa780000)
  to   space 57344K, 0% used [0x00000000fa800000,0x00000000fa800000,0x00000000fe000000)
 ParOldGen       total 361984K, used 155163K [0x00000000c0000000, 0x00000000d6180000, 0x00000000eab00000)
  object space 361984K, 42% used [0x00000000c0000000,0x00000000c9786ff8,0x00000000d6180000)
 Metaspace       used 101464K, capacity 109692K, committed 109952K, reserved 1144832K
  class space    used 12524K, capacity 14381K, committed 14464K, reserved 1048576K
Event: 6867.253 GC heap after
Heap after GC invocations=84 (full 4):
 PSYoungGen      total 262656K, used 25163K [0x00000000eab00000, 0x00000000ff880000, 0x0000000100000000)
  eden space 205312K, 0% used [0x00000000eab00000,0x00000000eab00000,0x00000000f7380000)
  from space 57344K, 43% used [0x00000000fa800000,0x00000000fc092e18,0x00000000fe000000)
  to   space 53760K, 0% used [0x00000000f7380000,0x00000000f7380000,0x00000000fa800000)
 ParOldGen       total 361984K, used 160098K [0x00000000c0000000, 0x00000000d6180000, 0x00000000eab00000)
  object space 361984K, 44% used [0x00000000c0000000,0x00000000c9c58b80,0x00000000d6180000)
 Metaspace       used 101464K, capacity 109692K, committed 109952K, reserved 1144832K
  class space    used 12524K, capacity 14381K, committed 14464K, reserved 1048576K
}
Event: 6867.510 GC heap before
{Heap before GC invocations=85 (full 4):
 PSYoungGen      total 262656K, used 230475K [0x00000000eab00000, 0x00000000ff880000, 0x0000000100000000)
  eden space 205312K, 100% used [0x00000000eab00000,0x00000000f7380000,0x00000000f7380000)
  from space 57344K, 43% used [0x00000000fa800000,0x00000000fc092e18,0x00000000fe000000)
  to   space 53760K, 0% used [0x00000000f7380000,0x00000000f7380000,0x00000000fa800000)
 ParOldGen       total 361984K, used 160098K [0x00000000c0000000, 0x00000000d6180000, 0x00000000eab00000)
  object space 361984K, 44% used [0x00000000c0000000,0x00000000c9c58b80,0x00000000d6180000)
 Metaspace       used 101491K, capacity 109756K, committed 109952K, reserved 1144832K
  class space    used 12524K, capacity 14381K, committed 14464K, reserved 1048576K
Event: 6867.535 GC heap after
Heap after GC invocations=85 (full 4):
 PSYoungGen      total 259072K, used 16435K [0x00000000eab00000, 0x00000000ffa80000, 0x0000000100000000)
  eden space 205312K, 0% used [0x00000000eab00000,0x00000000eab00000,0x00000000f7380000)
  from space 53760K, 30% used [0x00000000f7380000,0x00000000f838cda8,0x00000000fa800000)
  to   space 52736K, 0% used [0x00000000fc700000,0x00000000fc700000,0x00000000ffa80000)
 ParOldGen       total 361984K, used 171731K [0x00000000c0000000, 0x00000000d6180000, 0x00000000eab00000)
  object space 361984K, 47% used [0x00000000c0000000,0x00000000ca7b4ec8,0x00000000d6180000)
 Metaspace       used 101491K, capacity 109756K, committed 109952K, reserved 1144832K
  class space    used 12524K, capacity 14381K, committed 14464K, reserved 1048576K
}
Event: 6867.729 GC heap before
{Heap before GC invocations=86 (full 4):
 PSYoungGen      total 259072K, used 221747K [0x00000000eab00000, 0x00000000ffa80000, 0x0000000100000000)
  eden space 205312K, 100% used [0x00000000eab00000,0x00000000f7380000,0x00000000f7380000)
  from space 53760K, 30% used [0x00000000f7380000,0x00000000f838cda8,0x00000000fa800000)
  to   space 52736K, 0% used [0x00000000fc700000,0x00000000fc700000,0x00000000ffa80000)
 ParOldGen       total 361984K, used 171731K [0x00000000c0000000, 0x00000000d6180000, 0x00000000eab00000)
  object space 361984K, 47% used [0x00000000c0000000,0x00000000ca7b4ec8,0x00000000d6180000)
 Metaspace       used 101502K, capacity 109760K, committed 109952K, reserved 1144832K
  class space    used 12524K, capacity 14381K, committed 14464K, reserved 1048576K
Event: 6867.751 GC heap after
Heap after GC invocations=86 (full 4):
 PSYoungGen      total 291840K, used 17558K [0x00000000eab00000, 0x00000000ffb00000, 0x0000000100000000)
  eden space 239104K, 0% used [0x00000000eab00000,0x00000000eab00000,0x00000000f9480000)
  from space 52736K, 33% used [0x00000000fc700000,0x00000000fd8259c0,0x00000000ffa80000)
  to   space 51712K, 0% used [0x00000000f9480000,0x00000000f9480000,0x00000000fc700000)
 ParOldGen       total 361984K, used 173339K [0x00000000c0000000, 0x00000000d6180000, 0x00000000eab00000)
  object space 361984K, 47% used [0x00000000c0000000,0x00000000ca946f18,0x00000000d6180000)
 Metaspace       used 101502K, capacity 109760K, committed 109952K, reserved 1144832K
  class space    used 12524K, capacity 14381K, committed 14464K, reserved 1048576K
}
Event: 6868.023 GC heap before
{Heap before GC invocations=87 (full 4):
 PSYoungGen      total 291840K, used 256662K [0x00000000eab00000, 0x00000000ffb00000, 0x0000000100000000)
  eden space 239104K, 100% used [0x00000000eab00000,0x00000000f9480000,0x00000000f9480000)
  from space 52736K, 33% used [0x00000000fc700000,0x00000000fd8259c0,0x00000000ffa80000)
  to   space 51712K, 0% used [0x00000000f9480000,0x00000000f9480000,0x00000000fc700000)
 ParOldGen       total 361984K, used 173339K [0x00000000c0000000, 0x00000000d6180000, 0x00000000eab00000)
  object space 361984K, 47% used [0x00000000c0000000,0x00000000ca946f18,0x00000000d6180000)
 Metaspace       used 101517K, capacity 109770K, committed 109952K, reserved 1144832K
  class space    used 12525K, capacity 14382K, committed 14464K, reserved 1048576K

