# JRE version: OpenJDK Runtime Environment (8.0_152-b02) (build 1.8.0_152-release-1024-b02)
# Java VM: OpenJDK 64-Bit Server VM (25.152-b02 mixed mode windows-amd64 compressed oops)
Heap:
 PSYoungGen      total 333312K, used 23515K [0x00000000d5580000, 0x00000000eed00000, 0x0000000100000000)
  eden space 306688K, 4% used [0x00000000d5580000,0x00000000d62030c8,0x00000000e8100000)
  from space 26624K, 40% used [0x00000000e8100000,0x00000000e8b73d80,0x00000000e9b00000)
  to   space 25600K, 0% used [0x00000000ed400000,0x00000000ed400000,0x00000000eed00000)
 ParOldGen       total 262144K, used 56076K [0x0000000080000000, 0x0000000090000000, 0x00000000d5580000)
  object space 262144K, 21% used [0x0000000080000000,0x00000000836c3268,0x0000000090000000)
 Metaspace       used 65654K, capacity 68708K, committed 68992K, reserved 1107968K
  class space    used 8808K, capacity 9474K, committed 9600K, reserved 1048576K
GC Heap History (10 events):
Event: 14.505 GC heap before
{Heap before GC invocations=12 (full 2):
 PSYoungGen      total 227840K, used 214428K [0x00000000d5580000, 0x00000000e8200000, 0x0000000100000000)
  eden space 209920K, 93% used [0x00000000d5580000,0x00000000e1567af8,0x00000000e2280000)
  from space 17920K, 99% used [0x00000000e2280000,0x00000000e33ff520,0x00000000e3400000)
  to   space 25088K, 0% used [0x00000000e6980000,0x00000000e6980000,0x00000000e8200000)
 ParOldGen       total 161792K, used 32544K [0x0000000080000000, 0x0000000089e00000, 0x00000000d5580000)
  object space 161792K, 20% used [0x0000000080000000,0x0000000081fc8150,0x0000000089e00000)
 Metaspace       used 56839K, capacity 58904K, committed 59008K, reserved 1099776K
  class space    used 7731K, capacity 8236K, committed 8320K, reserved 1048576K
Event: 14.563 GC heap after
Heap after GC invocations=12 (full 2):
 PSYoungGen      total 280576K, used 22040K [0x00000000d5580000, 0x00000000e8c00000, 0x0000000100000000)
  eden space 255488K, 0% used [0x00000000d5580000,0x00000000d5580000,0x00000000e4f00000)
  from space 25088K, 87% used [0x00000000e6980000,0x00000000e7f061f8,0x00000000e8200000)
  to   space 27136K, 0% used [0x00000000e4f00000,0x00000000e4f00000,0x00000000e6980000)
 ParOldGen       total 161792K, used 41400K [0x0000000080000000, 0x0000000089e00000, 0x00000000d5580000)
  object space 161792K, 25% used [0x0000000080000000,0x000000008286e040,0x0000000089e00000)
 Metaspace       used 56839K, capacity 58904K, committed 59008K, reserved 1099776K
  class space    used 7731K, capacity 8236K, committed 8320K, reserved 1048576K
}
Event: 14.563 GC heap before
{Heap before GC invocations=13 (full 3):
 PSYoungGen      total 280576K, used 22040K [0x00000000d5580000, 0x00000000e8c00000, 0x0000000100000000)
  eden space 255488K, 0% used [0x00000000d5580000,0x00000000d5580000,0x00000000e4f00000)
  from space 25088K, 87% used [0x00000000e6980000,0x00000000e7f061f8,0x00000000e8200000)
  to   space 27136K, 0% used [0x00000000e4f00000,0x00000000e4f00000,0x00000000e6980000)
 ParOldGen       total 161792K, used 41400K [0x0000000080000000, 0x0000000089e00000, 0x00000000d5580000)
  object space 161792K, 25% used [0x0000000080000000,0x000000008286e040,0x0000000089e00000)
 Metaspace       used 56839K, capacity 58904K, committed 59008K, reserved 1099776K
  class space    used 7731K, capacity 8236K, committed 8320K, reserved 1048576K
Event: 14.942 GC heap after
Heap after GC invocations=13 (full 3):
 PSYoungGen      total 280576K, used 0K [0x00000000d5580000, 0x00000000e8c00000, 0x0000000100000000)
  eden space 255488K, 0% used [0x00000000d5580000,0x00000000d5580000,0x00000000e4f00000)
  from space 25088K, 0% used [0x00000000e6980000,0x00000000e6980000,0x00000000e8200000)
  to   space 27136K, 0% used [0x00000000e4f00000,0x00000000e4f00000,0x00000000e6980000)
 ParOldGen       total 262144K, used 56028K [0x0000000080000000, 0x0000000090000000, 0x00000000d5580000)
  object space 262144K, 21% used [0x0000000080000000,0x00000000836b7238,0x0000000090000000)
 Metaspace       used 56796K, capacity 58806K, committed 59008K, reserved 1099776K
  class space    used 7715K, capacity 8207K, committed 8320K, reserved 1048576K
}
Event: 16.590 GC heap before
{Heap before GC invocations=14 (full 3):
 PSYoungGen      total 280576K, used 254901K [0x00000000d5580000, 0x00000000e8c00000, 0x0000000100000000)
  eden space 255488K, 99% used [0x00000000d5580000,0x00000000e4e6d7a8,0x00000000e4f00000)
  from space 25088K, 0% used [0x00000000e6980000,0x00000000e6980000,0x00000000e8200000)
  to   space 27136K, 0% used [0x00000000e4f00000,0x00000000e4f00000,0x00000000e6980000)
 ParOldGen       total 262144K, used 56028K [0x0000000080000000, 0x0000000090000000, 0x00000000d5580000)
  object space 262144K, 21% used [0x0000000080000000,0x00000000836b7238,0x0000000090000000)
 Metaspace       used 65040K, capacity 68024K, committed 68096K, reserved 1107968K
  class space    used 8783K, capacity 9440K, committed 9472K, reserved 1048576K
Event: 16.622 GC heap after
Heap after GC invocations=14 (full 3):
 PSYoungGen      total 282624K, used 10120K [0x00000000d5580000, 0x00000000eba00000, 0x0000000100000000)
  eden space 255488K, 0% used [0x00000000d5580000,0x00000000d5580000,0x00000000e4f00000)
  from space 27136K, 37% used [0x00000000e4f00000,0x00000000e58e2210,0x00000000e6980000)
  to   space 26624K, 0% used [0x00000000ea000000,0x00000000ea000000,0x00000000eba00000)
 ParOldGen       total 262144K, used 56036K [0x0000000080000000, 0x0000000090000000, 0x00000000d5580000)
  object space 262144K, 21% used [0x0000000080000000,0x00000000836b9238,0x0000000090000000)
 Metaspace       used 65040K, capacity 68024K, committed 68096K, reserved 1107968K
  class space    used 8783K, capacity 9440K, committed 9472K, reserved 1048576K
}
Event: 18.416 GC heap before
{Heap before GC invocations=15 (full 3):
 PSYoungGen      total 282624K, used 265608K [0x00000000d5580000, 0x00000000eba00000, 0x0000000100000000)
  eden space 255488K, 100% used [0x00000000d5580000,0x00000000e4f00000,0x00000000e4f00000)
  from space 27136K, 37% used [0x00000000e4f00000,0x00000000e58e2210,0x00000000e6980000)
  to   space 26624K, 0% used [0x00000000ea000000,0x00000000ea000000,0x00000000eba00000)
 ParOldGen       total 262144K, used 56036K [0x0000000080000000, 0x0000000090000000, 0x00000000d5580000)
  object space 262144K, 21% used [0x0000000080000000,0x00000000836b9238,0x0000000090000000)
 Metaspace       used 65218K, capacity 68238K, committed 68352K, reserved 1107968K
  class space    used 8793K, capacity 9441K, committed 9472K, reserved 1048576K
Event: 18.430 GC heap after
Heap after GC invocations=15 (full 3):
 PSYoungGen      total 328192K, used 7143K [0x00000000d5580000, 0x00000000eb500000, 0x0000000100000000)
  eden space 306688K, 0% used [0x00000000d5580000,0x00000000d5580000,0x00000000e8100000)
  from space 21504K, 33% used [0x00000000ea000000,0x00000000ea6f9d48,0x00000000eb500000)
  to   space 26624K, 0% used [0x00000000e8100000,0x00000000e8100000,0x00000000e9b00000)
 ParOldGen       total 262144K, used 56044K [0x0000000080000000, 0x0000000090000000, 0x00000000d5580000)
  object space 262144K, 21% used [0x0000000080000000,0x00000000836bb238,0x0000000090000000)
 Metaspace       used 65218K, capacity 68238K, committed 68352K, reserved 1107968K
  class space    used 8793K, capacity 9441K, committed 9472K, reserved 1048576K
}
Event: 19.663 GC heap before
{Heap before GC invocations=16 (full 3):
 PSYoungGen      total 328192K, used 313831K [0x00000000d5580000, 0x00000000eb500000, 0x0000000100000000)
  eden space 306688K, 100% used [0x00000000d5580000,0x00000000e8100000,0x00000000e8100000)
  from space 21504K, 33% used [0x00000000ea000000,0x00000000ea6f9d48,0x00000000eb500000)
  to   space 26624K, 0% used [0x00000000e8100000,0x00000000e8100000,0x00000000e9b00000)
 ParOldGen       total 262144K, used 56068K [0x0000000080000000, 0x0000000090000000, 0x00000000d5580000)
  object space 262144K, 21% used [0x0000000080000000,0x00000000836c1268,0x0000000090000000)
 Metaspace       used 65654K, capacity 68708K, committed 68992K, reserved 1107968K
  class space    used 8808K, capacity 9474K, committed 9600K, reserved 1048576K
Event: 19.677 GC heap after
Heap after GC invocations=16 (full 3):
 PSYoungGen      total 333312K, used 10703K [0x00000000d5580000, 0x00000000eed00000, 0x0000000100000000)
  eden space 306688K, 0% used [0x00000000d5580000,0x00000000d5580000,0x00000000e8100000)
  from space 26624K, 40% used [0x00000000e8100000,0x00000000e8b73d80,0x00000000e9b00000)
  to   space 25600K, 0% used [0x00000000ed400000,0x00000000ed400000,0x00000000eed00000)
 ParOldGen       total 262144K, used 56076K [0x0000000080000000, 0x0000000090000000, 0x00000000d5580000)
  object space 262144K, 21% used [0x0000000080000000,0x00000000836c3268,0x0000000090000000)
 Metaspace       used 65654K, capacity 68708K, committed 68992K, reserved 1107968K
  class space    used 8808K, capacity 9474K, committed 9600K, reserved 1048576K
}

