# JRE version: OpenJDK Runtime Environment (8.0_152-b02) (build 1.8.0_152-release-1024-b02)
# Java VM: OpenJDK 64-Bit Server VM (25.152-b02 mixed mode windows-amd64 compressed oops)
Heap:
 PSYoungGen      total 517120K, used 420481K [0x00000000d5580000, 0x0000000100000000, 0x0000000100000000)
  eden space 349696K, 90% used [0x00000000d5580000,0x00000000e8965068,0x00000000eab00000)
  from space 167424K, 62% used [0x00000000f5c80000,0x00000000fc33b520,0x0000000100000000)
  to   space 174592K, 0% used [0x00000000eab00000,0x00000000eab00000,0x00000000f5580000)
 ParOldGen       total 391680K, used 297320K [0x0000000080000000, 0x0000000097e80000, 0x00000000d5580000)
  object space 391680K, 75% used [0x0000000080000000,0x000000009225a150,0x0000000097e80000)
 Metaspace       used 100475K, capacity 107772K, committed 108032K, reserved 1142784K
  class space    used 12411K, capacity 13972K, committed 14080K, reserved 1048576K
GC Heap History (10 events):
Event: 2710.741 GC heap before
{Heap before GC invocations=54 (full 4):
 PSYoungGen      total 548864K, used 424681K [0x00000000d5580000, 0x00000000ffa80000, 0x0000000100000000)
  eden space 416256K, 100% used [0x00000000d5580000,0x00000000eec00000,0x00000000eec00000)
  from space 132608K, 6% used [0x00000000eec00000,0x00000000ef43a490,0x00000000f6d80000)
  to   space 129024K, 0% used [0x00000000f7c80000,0x00000000f7c80000,0x00000000ffa80000)
 ParOldGen       total 391680K, used 257180K [0x0000000080000000, 0x0000000097e80000, 0x00000000d5580000)
  object space 391680K, 65% used [0x0000000080000000,0x000000008fb27130,0x0000000097e80000)
 Metaspace       used 96769K, capacity 102818K, committed 103040K, reserved 1138688K
  class space    used 11991K, capacity 13315K, committed 13440K, reserved 1048576K
Event: 2710.756 GC heap after
Heap after GC invocations=54 (full 4):
 PSYoungGen      total 551936K, used 10227K [0x00000000d5580000, 0x00000000ff080000, 0x0000000100000000)
  eden space 433152K, 0% used [0x00000000d5580000,0x00000000d5580000,0x00000000efc80000)
  from space 118784K, 8% used [0x00000000f7c80000,0x00000000f867ccc8,0x00000000ff080000)
  to   space 124928K, 0% used [0x00000000efc80000,0x00000000efc80000,0x00000000f7680000)
 ParOldGen       total 391680K, used 257212K [0x0000000080000000, 0x0000000097e80000, 0x00000000d5580000)
  object space 391680K, 65% used [0x0000000080000000,0x000000008fb2f130,0x0000000097e80000)
 Metaspace       used 96769K, capacity 102818K, committed 103040K, reserved 1138688K
  class space    used 11991K, capacity 13315K, committed 13440K, reserved 1048576K
}
Event: 2716.990 GC heap before
{Heap before GC invocations=55 (full 4):
 PSYoungGen      total 551936K, used 443379K [0x00000000d5580000, 0x00000000ff080000, 0x0000000100000000)
  eden space 433152K, 100% used [0x00000000d5580000,0x00000000efc80000,0x00000000efc80000)
  from space 118784K, 8% used [0x00000000f7c80000,0x00000000f867ccc8,0x00000000ff080000)
  to   space 124928K, 0% used [0x00000000efc80000,0x00000000efc80000,0x00000000f7680000)
 ParOldGen       total 391680K, used 257212K [0x0000000080000000, 0x0000000097e80000, 0x00000000d5580000)
  object space 391680K, 65% used [0x0000000080000000,0x000000008fb2f130,0x0000000097e80000)
 Metaspace       used 97726K, capacity 103864K, committed 104064K, reserved 1140736K
  class space    used 12076K, capacity 13396K, committed 13440K, reserved 1048576K
Event: 2717.015 GC heap after
Heap after GC invocations=55 (full 4):
 PSYoungGen      total 558080K, used 43522K [0x00000000d5580000, 0x00000000ff800000, 0x0000000100000000)
  eden space 433152K, 0% used [0x00000000d5580000,0x00000000d5580000,0x00000000efc80000)
  from space 124928K, 34% used [0x00000000efc80000,0x00000000f2700b60,0x00000000f7680000)
  to   space 118784K, 0% used [0x00000000f8400000,0x00000000f8400000,0x00000000ff800000)
 ParOldGen       total 391680K, used 257276K [0x0000000080000000, 0x0000000097e80000, 0x00000000d5580000)
  object space 391680K, 65% used [0x0000000080000000,0x000000008fb3f130,0x0000000097e80000)
 Metaspace       used 97726K, capacity 103864K, committed 104064K, reserved 1140736K
  class space    used 12076K, capacity 13396K, committed 13440K, reserved 1048576K
}
Event: 2719.185 GC heap before
{Heap before GC invocations=56 (full 4):
 PSYoungGen      total 558080K, used 476674K [0x00000000d5580000, 0x00000000ff800000, 0x0000000100000000)
  eden space 433152K, 100% used [0x00000000d5580000,0x00000000efc80000,0x00000000efc80000)
  from space 124928K, 34% used [0x00000000efc80000,0x00000000f2700b60,0x00000000f7680000)
  to   space 118784K, 0% used [0x00000000f8400000,0x00000000f8400000,0x00000000ff800000)
 ParOldGen       total 391680K, used 257276K [0x0000000080000000, 0x0000000097e80000, 0x00000000d5580000)
  object space 391680K, 65% used [0x0000000080000000,0x000000008fb3f130,0x0000000097e80000)
 Metaspace       used 98472K, capacity 104680K, committed 104960K, reserved 1140736K
  class space    used 12150K, capacity 13500K, committed 13568K, reserved 1048576K
Event: 2719.276 GC heap after
Heap after GC invocations=56 (full 4):
 PSYoungGen      total 505344K, used 118752K [0x00000000d5580000, 0x0000000100000000, 0x0000000100000000)
  eden space 386560K, 0% used [0x00000000d5580000,0x00000000d5580000,0x00000000ecf00000)
  from space 118784K, 99% used [0x00000000f8400000,0x00000000ff7f83b0,0x00000000ff800000)
  to   space 156160K, 0% used [0x00000000ecf00000,0x00000000ecf00000,0x00000000f6780000)
 ParOldGen       total 391680K, used 297096K [0x0000000080000000, 0x0000000097e80000, 0x00000000d5580000)
  object space 391680K, 75% used [0x0000000080000000,0x0000000092222150,0x0000000097e80000)
 Metaspace       used 98472K, capacity 104680K, committed 104960K, reserved 1140736K
  class space    used 12150K, capacity 13500K, committed 13568K, reserved 1048576K
}
Event: 2756.602 GC heap before
{Heap before GC invocations=57 (full 4):
 PSYoungGen      total 505344K, used 505312K [0x00000000d5580000, 0x0000000100000000, 0x0000000100000000)
  eden space 386560K, 100% used [0x00000000d5580000,0x00000000ecf00000,0x00000000ecf00000)
  from space 118784K, 99% used [0x00000000f8400000,0x00000000ff7f83b0,0x00000000ff800000)
  to   space 156160K, 0% used [0x00000000ecf00000,0x00000000ecf00000,0x00000000f6780000)
 ParOldGen       total 391680K, used 297096K [0x0000000080000000, 0x0000000097e80000, 0x00000000d5580000)
  object space 391680K, 75% used [0x0000000080000000,0x0000000092222150,0x0000000097e80000)
 Metaspace       used 100262K, capacity 107564K, committed 107776K, reserved 1142784K
  class space    used 12409K, capacity 13972K, committed 14080K, reserved 1048576K
Event: 2756.708 GC heap after
Heap after GC invocations=57 (full 4):
 PSYoungGen      total 494592K, used 107773K [0x00000000d5580000, 0x0000000100000000, 0x0000000100000000)
  eden space 386560K, 0% used [0x00000000d5580000,0x00000000d5580000,0x00000000ecf00000)
  from space 108032K, 99% used [0x00000000ecf00000,0x00000000f383f5b8,0x00000000f3880000)
  to   space 167424K, 0% used [0x00000000f5c80000,0x00000000f5c80000,0x0000000100000000)
 ParOldGen       total 391680K, used 297160K [0x0000000080000000, 0x0000000097e80000, 0x00000000d5580000)
  object space 391680K, 75% used [0x0000000080000000,0x0000000092232150,0x0000000097e80000)
 Metaspace       used 100262K, capacity 107564K, committed 107776K, reserved 1142784K
  class space    used 12409K, capacity 13972K, committed 14080K, reserved 1048576K
}
Event: 2846.458 GC heap before
{Heap before GC invocations=58 (full 4):
 PSYoungGen      total 494592K, used 494333K [0x00000000d5580000, 0x0000000100000000, 0x0000000100000000)
  eden space 386560K, 100% used [0x00000000d5580000,0x00000000ecf00000,0x00000000ecf00000)
  from space 108032K, 99% used [0x00000000ecf00000,0x00000000f383f5b8,0x00000000f3880000)
  to   space 167424K, 0% used [0x00000000f5c80000,0x00000000f5c80000,0x0000000100000000)
 ParOldGen       total 391680K, used 297160K [0x0000000080000000, 0x0000000097e80000, 0x00000000d5580000)
  object space 391680K, 75% used [0x0000000080000000,0x0000000092232150,0x0000000097e80000)
 Metaspace       used 100405K, capacity 107704K, committed 108032K, reserved 1142784K
  class space    used 12409K, capacity 13972K, committed 14080K, reserved 1048576K
Event: 2846.573 GC heap after
Heap after GC invocations=58 (full 4):
 PSYoungGen      total 517120K, used 105197K [0x00000000d5580000, 0x0000000100000000, 0x0000000100000000)
  eden space 349696K, 0% used [0x00000000d5580000,0x00000000d5580000,0x00000000eab00000)
  from space 167424K, 62% used [0x00000000f5c80000,0x00000000fc33b520,0x0000000100000000)
  to   space 174592K, 0% used [0x00000000eab00000,0x00000000eab00000,0x00000000f5580000)
 ParOldGen       total 391680K, used 297320K [0x0000000080000000, 0x0000000097e80000, 0x00000000d5580000)
  object space 391680K, 75% used [0x0000000080000000,0x000000009225a150,0x0000000097e80000)
 Metaspace       used 100405K, capacity 107704K, committed 108032K, reserved 1142784K
  class space    used 12409K, capacity 13972K, committed 14080K, reserved 1048576K
}

