# JRE version: OpenJDK Runtime Environment (8.0_152-b02) (build 1.8.0_152-release-1024-b02)
# Java VM: OpenJDK 64-Bit Server VM (25.152-b02 mixed mode windows-amd64 compressed oops)
Heap:
 PSYoungGen      total 551424K, used 144748K [0x00000000d5580000, 0x00000000ff780000, 0x0000000100000000)
  eden space 423936K, 31% used [0x00000000d5580000,0x00000000dd8e8378,0x00000000ef380000)
  from space 127488K, 7% used [0x00000000f7b00000,0x00000000f84f2dc0,0x00000000ff780000)
  to   space 133120K, 0% used [0x00000000ef380000,0x00000000ef380000,0x00000000f7580000)
 ParOldGen       total 253440K, used 138123K [0x0000000080000000, 0x000000008f780000, 0x00000000d5580000)
  object space 253440K, 54% used [0x0000000080000000,0x00000000886e2f78,0x000000008f780000)
 Metaspace       used 68219K, capacity 71088K, committed 71680K, reserved 1112064K
  class space    used 8948K, capacity 9526K, committed 9728K, reserved 1048576K
GC Heap History (10 events):
Event: 32.345 GC heap before
{Heap before GC invocations=26 (full 3):
 PSYoungGen      total 569344K, used 569322K [0x00000000d5580000, 0x0000000100000000, 0x0000000100000000)
  eden space 529920K, 100% used [0x00000000d5580000,0x00000000f5b00000,0x00000000f5b00000)
  from space 39424K, 99% used [0x00000000fd980000,0x00000000ffffa8c0,0x0000000100000000)
  to   space 84480K, 0% used [0x00000000f5b00000,0x00000000f5b00000,0x00000000fad80000)
 ParOldGen       total 249856K, used 169971K [0x0000000080000000, 0x000000008f400000, 0x00000000d5580000)
  object space 249856K, 68% used [0x0000000080000000,0x000000008a5fceb0,0x000000008f400000)
 Metaspace       used 67366K, capacity 70560K, committed 70912K, reserved 1110016K
  class space    used 8937K, capacity 9602K, committed 9728K, reserved 1048576K
Event: 32.409 GC heap after
Heap after GC invocations=26 (full 3):
 PSYoungGen      total 614400K, used 84472K [0x00000000d5580000, 0x0000000100000000, 0x0000000100000000)
  eden space 529920K, 0% used [0x00000000d5580000,0x00000000d5580000,0x00000000f5b00000)
  from space 84480K, 99% used [0x00000000f5b00000,0x00000000fad7e3b0,0x00000000fad80000)
  to   space 84480K, 0% used [0x00000000fad80000,0x00000000fad80000,0x0000000100000000)
 ParOldGen       total 249856K, used 189239K [0x0000000080000000, 0x000000008f400000, 0x00000000d5580000)
  object space 249856K, 75% used [0x0000000080000000,0x000000008b8cde58,0x000000008f400000)
 Metaspace       used 67366K, capacity 70560K, committed 70912K, reserved 1110016K
  class space    used 8937K, capacity 9602K, committed 9728K, reserved 1048576K
}
Event: 35.899 GC heap before
{Heap before GC invocations=27 (full 3):
 PSYoungGen      total 614400K, used 614392K [0x00000000d5580000, 0x0000000100000000, 0x0000000100000000)
  eden space 529920K, 100% used [0x00000000d5580000,0x00000000f5b00000,0x00000000f5b00000)
  from space 84480K, 99% used [0x00000000f5b00000,0x00000000fad7e3b0,0x00000000fad80000)
  to   space 84480K, 0% used [0x00000000fad80000,0x00000000fad80000,0x0000000100000000)
 ParOldGen       total 249856K, used 189239K [0x0000000080000000, 0x000000008f400000, 0x00000000d5580000)
  object space 249856K, 75% used [0x0000000080000000,0x000000008b8cde58,0x000000008f400000)
 Metaspace       used 67400K, capacity 70630K, committed 70912K, reserved 1110016K
  class space    used 8938K, capacity 9603K, committed 9728K, reserved 1048576K
Event: 35.991 GC heap after
Heap after GC invocations=27 (full 3):
 PSYoungGen      total 505856K, used 84450K [0x00000000d5580000, 0x0000000100000000, 0x0000000100000000)
  eden space 421376K, 0% used [0x00000000d5580000,0x00000000d5580000,0x00000000ef100000)
  from space 84480K, 99% used [0x00000000fad80000,0x00000000ffff8b78,0x0000000100000000)
  to   space 138752K, 0% used [0x00000000ef100000,0x00000000ef100000,0x00000000f7880000)
 ParOldGen       total 253440K, used 251516K [0x0000000080000000, 0x000000008f780000, 0x00000000d5580000)
  object space 253440K, 99% used [0x0000000080000000,0x000000008f59f0c8,0x000000008f780000)
 Metaspace       used 67400K, capacity 70630K, committed 70912K, reserved 1110016K
  class space    used 8938K, capacity 9603K, committed 9728K, reserved 1048576K
}
Event: 35.991 GC heap before
{Heap before GC invocations=28 (full 4):
 PSYoungGen      total 505856K, used 84450K [0x00000000d5580000, 0x0000000100000000, 0x0000000100000000)
  eden space 421376K, 0% used [0x00000000d5580000,0x00000000d5580000,0x00000000ef100000)
  from space 84480K, 99% used [0x00000000fad80000,0x00000000ffff8b78,0x0000000100000000)
  to   space 138752K, 0% used [0x00000000ef100000,0x00000000ef100000,0x00000000f7880000)
 ParOldGen       total 253440K, used 251516K [0x0000000080000000, 0x000000008f780000, 0x00000000d5580000)
  object space 253440K, 99% used [0x0000000080000000,0x000000008f59f0c8,0x000000008f780000)
 Metaspace       used 67400K, capacity 70630K, committed 70912K, reserved 1110016K
  class space    used 8938K, capacity 9603K, committed 9728K, reserved 1048576K
Event: 36.387 GC heap after
Heap after GC invocations=28 (full 4):
 PSYoungGen      total 505856K, used 0K [0x00000000d5580000, 0x0000000100000000, 0x0000000100000000)
  eden space 421376K, 0% used [0x00000000d5580000,0x00000000d5580000,0x00000000ef100000)
  from space 84480K, 0% used [0x00000000fad80000,0x00000000fad80000,0x0000000100000000)
  to   space 138752K, 0% used [0x00000000ef100000,0x00000000ef100000,0x00000000f7880000)
 ParOldGen       total 253440K, used 138107K [0x0000000080000000, 0x000000008f780000, 0x00000000d5580000)
  object space 253440K, 54% used [0x0000000080000000,0x00000000886def78,0x000000008f780000)
 Metaspace       used 67028K, capacity 69712K, committed 70912K, reserved 1110016K
  class space    used 8807K, capacity 9378K, committed 9728K, reserved 1048576K
}
Event: 43.486 GC heap before
{Heap before GC invocations=29 (full 4):
 PSYoungGen      total 505856K, used 421376K [0x00000000d5580000, 0x0000000100000000, 0x0000000100000000)
  eden space 421376K, 100% used [0x00000000d5580000,0x00000000ef100000,0x00000000ef100000)
  from space 84480K, 0% used [0x00000000fad80000,0x00000000fad80000,0x0000000100000000)
  to   space 138752K, 0% used [0x00000000ef100000,0x00000000ef100000,0x00000000f7880000)
 ParOldGen       total 253440K, used 138107K [0x0000000080000000, 0x000000008f780000, 0x00000000d5580000)
  object space 253440K, 54% used [0x0000000080000000,0x00000000886def78,0x000000008f780000)
 Metaspace       used 67540K, capacity 70386K, committed 71168K, reserved 1110016K
  class space    used 8881K, capacity 9475K, committed 9728K, reserved 1048576K
Event: 43.496 GC heap after
Heap after GC invocations=29 (full 4):
 PSYoungGen      total 560128K, used 14039K [0x00000000d5580000, 0x0000000100000000, 0x0000000100000000)
  eden space 421376K, 0% used [0x00000000d5580000,0x00000000d5580000,0x00000000ef100000)
  from space 138752K, 10% used [0x00000000ef100000,0x00000000efeb5de8,0x00000000f7880000)
  to   space 136192K, 0% used [0x00000000f7b00000,0x00000000f7b00000,0x0000000100000000)
 ParOldGen       total 253440K, used 138115K [0x0000000080000000, 0x000000008f780000, 0x00000000d5580000)
  object space 253440K, 54% used [0x0000000080000000,0x00000000886e0f78,0x000000008f780000)
 Metaspace       used 67540K, capacity 70386K, committed 71168K, reserved 1110016K
  class space    used 8881K, capacity 9475K, committed 9728K, reserved 1048576K
}
Event: 44.785 GC heap before
{Heap before GC invocations=30 (full 4):
 PSYoungGen      total 560128K, used 435204K [0x00000000d5580000, 0x0000000100000000, 0x0000000100000000)
  eden space 421376K, 99% used [0x00000000d5580000,0x00000000ef0cb328,0x00000000ef100000)
  from space 138752K, 10% used [0x00000000ef100000,0x00000000efeb5de8,0x00000000f7880000)
  to   space 136192K, 0% used [0x00000000f7b00000,0x00000000f7b00000,0x0000000100000000)
 ParOldGen       total 253440K, used 138115K [0x0000000080000000, 0x000000008f780000, 0x00000000d5580000)
  object space 253440K, 54% used [0x0000000080000000,0x00000000886e0f78,0x000000008f780000)
 Metaspace       used 67719K, capacity 70484K, committed 71168K, reserved 1110016K
  class space    used 8901K, capacity 9482K, committed 9728K, reserved 1048576K
Event: 44.793 GC heap after
Heap after GC invocations=30 (full 4):
 PSYoungGen      total 551424K, used 10187K [0x00000000d5580000, 0x00000000ff780000, 0x0000000100000000)
  eden space 423936K, 0% used [0x00000000d5580000,0x00000000d5580000,0x00000000ef380000)
  from space 127488K, 7% used [0x00000000f7b00000,0x00000000f84f2dc0,0x00000000ff780000)
  to   space 133120K, 0% used [0x00000000ef380000,0x00000000ef380000,0x00000000f7580000)
 ParOldGen       total 253440K, used 138123K [0x0000000080000000, 0x000000008f780000, 0x00000000d5580000)
  object space 253440K, 54% used [0x0000000080000000,0x00000000886e2f78,0x000000008f780000)
 Metaspace       used 67719K, capacity 70484K, committed 71168K, reserved 1110016K
  class space    used 8901K, capacity 9482K, committed 9728K, reserved 1048576K
}

